2025-01-07 21:58:56 [main] INFO  Main - Постепенно он начал, однако, припоминать, что уже где-то видел такую надпись, что она, в общем-то, ему очень и очень знакома.
2025-01-07 21:58:56 [main] INFO  Main - Присмотревшись, он убедился, что надпись на самом деле была сделана на длинном фанерном ящике из-под макарон и что вся хижина была сооружена из подобного рода ящиков.
2025-01-07 21:58:56 [main] INFO  Main - Здесь были ящики и из-под табака, с изображением коротышки с трубкой в зубах, и из-под мыла, с изображением намыленной головы, и из-под зубного порошка, с изображением зубов, сверкающих белизной.
2025-01-07 21:58:56 [main] INFO  Main - Артур обошел хижину, внимательно рассматривая надписи на ящиках.
2025-01-07 21:58:56 [main] INFO  Main - Он подошел к ящику из-под макарон.
2025-01-07 21:58:56 [main] INFO  Main - Внутри он нашел старую карту.
2025-01-07 21:58:56 [main] INFO  Main - Затем он осмотрел ящик из-под табака.
2025-01-07 21:58:56 [main] INFO  Main - В нем лежала труба, все еще пахнущая табаком.
2025-01-07 21:58:56 [main] INFO  Main - Далее он заглянул в ящик из-под мыла.
2025-01-07 21:58:56 [main] INFO  Main - Там был небольшой мешочек с мыльной стружкой.
2025-01-07 21:58:56 [main] INFO  Main - Наконец, он открыл ящик из-под зубного порошка.
2025-01-07 21:58:56 [main] INFO  Main - Внутри оказался маленький флакон с неизвестной жидкостью.
2025-01-07 21:58:56 [main] INFO  Main - Собрав все находки, Артур решил следовать указаниям карты из ящика макарон.
2025-01-07 21:58:56 [main] INFO  Main - Его путь привел его к затерянному дворцу, скрытому в джунглях.
2025-01-07 21:58:56 [main] INFO  Main - Артур отправился на арену, чтобы сразиться с врагами.
2025-01-07 21:58:56 [main] INFO  Main - На арене героя встретил Гоблин!
2025-01-07 21:58:56 [main] INFO  Main - Артур одолел Гоблина.
2025-01-07 21:58:56 [main] INFO  Main - Следующим врагом был Орк!
2025-01-07 21:58:56 [main] INFO  Main - Артур одолел Орка и одержал победу на арене.
2025-01-07 21:58:56 [main] INFO  Main - Внутри дворца Артур нашел древний артефакт, который должен был стать ключом к спасению его мира.
2025-01-07 21:58:56 [main] INFO  Main - Его путешествие только начиналось...
